c:\users\acer\source\repos\heshamelsaman\paint-play-t18\debug\cie202-project.bsc
c:\users\acer\source\repos\heshamelsaman\paint-play-t18\debug\vc143.pdb
c:\users\acer\source\repos\heshamelsaman\paint-play-t18\debug\vc143.idb
c:\users\acer\source\repos\heshamelsaman\paint-play-t18\debug\rect.sbr
c:\users\acer\source\repos\heshamelsaman\paint-play-t18\debug\shape.sbr
c:\users\acer\source\repos\heshamelsaman\paint-play-t18\debug\graph.sbr
c:\users\acer\source\repos\heshamelsaman\paint-play-t18\debug\opaddrect.sbr
c:\users\acer\source\repos\heshamelsaman\paint-play-t18\debug\main.sbr
c:\users\acer\source\repos\heshamelsaman\paint-play-t18\debug\controller.sbr
c:\users\acer\source\repos\heshamelsaman\paint-play-t18\debug\gui.sbr
c:\users\acer\source\repos\heshamelsaman\paint-play-t18\debug\windowinput.sbr
c:\users\acer\source\repos\heshamelsaman\paint-play-t18\debug\mousequeue.sbr
c:\users\acer\source\repos\heshamelsaman\paint-play-t18\debug\keyqueue.sbr
c:\users\acer\source\repos\heshamelsaman\paint-play-t18\debug\image.sbr
c:\users\acer\source\repos\heshamelsaman\paint-play-t18\debug\cmugraphics.sbr
c:\users\acer\source\repos\heshamelsaman\paint-play-t18\debug\auxil.sbr
c:\users\acer\source\repos\heshamelsaman\paint-play-t18\debug\auxil.obj
c:\users\acer\source\repos\heshamelsaman\paint-play-t18\debug\cmugraphics.obj
c:\users\acer\source\repos\heshamelsaman\paint-play-t18\debug\image.obj
c:\users\acer\source\repos\heshamelsaman\paint-play-t18\debug\keyqueue.obj
c:\users\acer\source\repos\heshamelsaman\paint-play-t18\debug\mousequeue.obj
c:\users\acer\source\repos\heshamelsaman\paint-play-t18\debug\windowinput.obj
c:\users\acer\source\repos\heshamelsaman\paint-play-t18\debug\gui.obj
c:\users\acer\source\repos\heshamelsaman\paint-play-t18\debug\controller.obj
c:\users\acer\source\repos\heshamelsaman\paint-play-t18\debug\main.obj
c:\users\acer\source\repos\heshamelsaman\paint-play-t18\debug\opaddrect.obj
c:\users\acer\source\repos\heshamelsaman\paint-play-t18\debug\graph.obj
c:\users\acer\source\repos\heshamelsaman\paint-play-t18\debug\shape.obj
c:\users\acer\source\repos\heshamelsaman\paint-play-t18\debug\rect.obj
c:\users\acer\source\repos\heshamelsaman\paint-play-t18\debug\jutils.sbr
c:\users\acer\source\repos\heshamelsaman\paint-play-t18\debug\jquant2.sbr
c:\users\acer\source\repos\heshamelsaman\paint-play-t18\debug\jquant1.sbr
c:\users\acer\source\repos\heshamelsaman\paint-play-t18\debug\jmemnobs.sbr
c:\users\acer\source\repos\heshamelsaman\paint-play-t18\debug\jmemmgr.sbr
c:\users\acer\source\repos\heshamelsaman\paint-play-t18\debug\jidctred.sbr
c:\users\acer\source\repos\heshamelsaman\paint-play-t18\debug\jidctint.sbr
c:\users\acer\source\repos\heshamelsaman\paint-play-t18\debug\jidctfst.sbr
c:\users\acer\source\repos\heshamelsaman\paint-play-t18\debug\jidctflt.sbr
c:\users\acer\source\repos\heshamelsaman\paint-play-t18\debug\jerror.sbr
c:\users\acer\source\repos\heshamelsaman\paint-play-t18\debug\jdtrans.sbr
c:\users\acer\source\repos\heshamelsaman\paint-play-t18\debug\jdsample.sbr
c:\users\acer\source\repos\heshamelsaman\paint-play-t18\debug\jdpostct.sbr
c:\users\acer\source\repos\heshamelsaman\paint-play-t18\debug\jdphuff.sbr
c:\users\acer\source\repos\heshamelsaman\paint-play-t18\debug\jdmerge.sbr
c:\users\acer\source\repos\heshamelsaman\paint-play-t18\debug\jdmaster.sbr
c:\users\acer\source\repos\heshamelsaman\paint-play-t18\debug\jdmarker.sbr
c:\users\acer\source\repos\heshamelsaman\paint-play-t18\debug\jdmainct.sbr
c:\users\acer\source\repos\heshamelsaman\paint-play-t18\debug\jdinput.sbr
c:\users\acer\source\repos\heshamelsaman\paint-play-t18\debug\jdhuff.sbr
c:\users\acer\source\repos\heshamelsaman\paint-play-t18\debug\jdhuff.obj
c:\users\acer\source\repos\heshamelsaman\paint-play-t18\debug\jdinput.obj
c:\users\acer\source\repos\heshamelsaman\paint-play-t18\debug\jdmainct.obj
c:\users\acer\source\repos\heshamelsaman\paint-play-t18\debug\jdmarker.obj
c:\users\acer\source\repos\heshamelsaman\paint-play-t18\debug\jdmaster.obj
c:\users\acer\source\repos\heshamelsaman\paint-play-t18\debug\jdmerge.obj
c:\users\acer\source\repos\heshamelsaman\paint-play-t18\debug\jdphuff.obj
c:\users\acer\source\repos\heshamelsaman\paint-play-t18\debug\jdpostct.obj
c:\users\acer\source\repos\heshamelsaman\paint-play-t18\debug\jdsample.obj
c:\users\acer\source\repos\heshamelsaman\paint-play-t18\debug\jdtrans.obj
c:\users\acer\source\repos\heshamelsaman\paint-play-t18\debug\jerror.obj
c:\users\acer\source\repos\heshamelsaman\paint-play-t18\debug\jidctflt.obj
c:\users\acer\source\repos\heshamelsaman\paint-play-t18\debug\jidctfst.obj
c:\users\acer\source\repos\heshamelsaman\paint-play-t18\debug\jidctint.obj
c:\users\acer\source\repos\heshamelsaman\paint-play-t18\debug\jidctred.obj
c:\users\acer\source\repos\heshamelsaman\paint-play-t18\debug\jmemmgr.obj
c:\users\acer\source\repos\heshamelsaman\paint-play-t18\debug\jmemnobs.obj
c:\users\acer\source\repos\heshamelsaman\paint-play-t18\debug\jquant1.obj
c:\users\acer\source\repos\heshamelsaman\paint-play-t18\debug\jquant2.obj
c:\users\acer\source\repos\heshamelsaman\paint-play-t18\debug\jutils.obj
c:\users\acer\source\repos\heshamelsaman\paint-play-t18\debug\jddctmgr.sbr
c:\users\acer\source\repos\heshamelsaman\paint-play-t18\debug\jdcolor.sbr
c:\users\acer\source\repos\heshamelsaman\paint-play-t18\debug\jdcoefct.sbr
c:\users\acer\source\repos\heshamelsaman\paint-play-t18\debug\jdatasrc.sbr
c:\users\acer\source\repos\heshamelsaman\paint-play-t18\debug\jdapistd.sbr
c:\users\acer\source\repos\heshamelsaman\paint-play-t18\debug\jdapimin.sbr
c:\users\acer\source\repos\heshamelsaman\paint-play-t18\debug\jcparam.sbr
c:\users\acer\source\repos\heshamelsaman\paint-play-t18\debug\jcomapi.sbr
c:\users\acer\source\repos\heshamelsaman\paint-play-t18\debug\jpegload.sbr
c:\users\acer\source\repos\heshamelsaman\paint-play-t18\debug\jpegload.obj
c:\users\acer\source\repos\heshamelsaman\paint-play-t18\debug\jcomapi.obj
c:\users\acer\source\repos\heshamelsaman\paint-play-t18\debug\jcparam.obj
c:\users\acer\source\repos\heshamelsaman\paint-play-t18\debug\jdapimin.obj
c:\users\acer\source\repos\heshamelsaman\paint-play-t18\debug\jdapistd.obj
c:\users\acer\source\repos\heshamelsaman\paint-play-t18\debug\jdatasrc.obj
c:\users\acer\source\repos\heshamelsaman\paint-play-t18\debug\jdcoefct.obj
c:\users\acer\source\repos\heshamelsaman\paint-play-t18\debug\jdcolor.obj
c:\users\acer\source\repos\heshamelsaman\paint-play-t18\debug\jddctmgr.obj
c:\users\acer\source\repos\heshamelsaman\paint-play-t18\debug\cie202-project.ilk
c:\users\acer\source\repos\heshamelsaman\paint-play-t18\debug\cie202-project.exe
c:\users\acer\source\repos\heshamelsaman\paint-play-t18\debug\cie202-project.pdb
c:\users\acer\source\repos\heshamelsaman\paint-play-t18\debug\cie202-project.res
c:\users\acer\source\repos\heshamelsaman\paint-play-t18\debug\cie202-project.tlog\bscmake.command.1.tlog
c:\users\acer\source\repos\heshamelsaman\paint-play-t18\debug\cie202-project.tlog\bscmake.read.1.tlog
c:\users\acer\source\repos\heshamelsaman\paint-play-t18\debug\cie202-project.tlog\bscmake.write.1.tlog
c:\users\acer\source\repos\heshamelsaman\paint-play-t18\debug\cie202-project.tlog\cl.command.1.tlog
c:\users\acer\source\repos\heshamelsaman\paint-play-t18\debug\cie202-project.tlog\cl.read.1.tlog
c:\users\acer\source\repos\heshamelsaman\paint-play-t18\debug\cie202-project.tlog\cl.write.1.tlog
c:\users\acer\source\repos\heshamelsaman\paint-play-t18\debug\cie202-project.tlog\link.command.1.tlog
c:\users\acer\source\repos\heshamelsaman\paint-play-t18\debug\cie202-project.tlog\link.read.1.tlog
c:\users\acer\source\repos\heshamelsaman\paint-play-t18\debug\cie202-project.tlog\link.write.1.tlog
c:\users\acer\source\repos\heshamelsaman\paint-play-t18\debug\cie202-project.tlog\rc.command.1.tlog
c:\users\acer\source\repos\heshamelsaman\paint-play-t18\debug\cie202-project.tlog\rc.read.1.tlog
c:\users\acer\source\repos\heshamelsaman\paint-play-t18\debug\cie202-project.tlog\rc.write.1.tlog
